<?xml version="1.0" encoding="utf-8"?>
<shfbBuild product="Sandcastle Help File Builder" version="2015.5.2.0" projectFile="C:\Users\ALEX\Documents\Visual Studio 2013\Projects\ModulousLib\ModulousLibDocs\ModulousLibDocs.shfbproj" started="6/25/2015 3:46:41 AM">
<buildStep step="Initializing">
Finding tools...
The Sandcastle tools are located in &#39;C:\Program Files (x86)\EWSoftware\Sandcastle Help File Builder\&#39;
Searching for HTML Help 1 compiler...
Found HTML Help 1 compiler in &#39;C:\Program Files (x86)\HTML Help Workshop\&#39;
Locating components in the following folder(s):
   C:\Users\ALEX\Documents\Visual Studio 2013\Projects\ModulousLib\ModulousLibDocs
Using presentation style &#39;VS2013&#39; located in &#39;C:\Program Files (x86)\EWSoftware\Sandcastle Help File Builder\PresentationStyles\VS2013&#39;
Loading and initializing plug-ins...
Lightweight Website Style Version 2015.5.2.0
Copyright &#169; 2006-2015, Eric Woodruff, All Rights Reserved
Portions Copyright &#169; 2014, Sam Harwell, All Rights Reserved
</buildStep>
<buildStep step="ValidatingDocumentationSources">
Validating and copying documentation source information
Source: C:\Users\ALEX\Documents\Visual Studio 2013\Projects\ModulousLib\ModulousLib\bin\Debug\ModulousLib.dll
    Found assembly &#39;C:\Users\ALEX\Documents\Visual Studio 2013\Projects\ModulousLib\ModulousLib\bin\Debug\ModulousLib.dll&#39;
Source: C:\Users\ALEX\Documents\Visual Studio 2013\Projects\ModulousLib\ModulousLib\bin\Debug\ModulousLib.xml

References to include (excluding framework assemblies):
    C:\Users\ALEX\Documents\Visual Studio 2013\Projects\ModulousLib\ModulousLib\bin\Debug\ModulousLib.dll

Copying XML comments files
    C:\Users\ALEX\Documents\Visual Studio 2013\Projects\ModulousLib\ModulousLib\bin\Debug\ModulousLib.XML -&gt; C:\Users\ALEX\Documents\Visual Studio 2013\Projects\ModulousLib\ModulousLibDocs\Help\Working\ModulousLib.XML
</buildStep>
<buildStep step="GenerateSharedContent">
Generating shared content files (en-US, English (United States))...
<plugIn name="Lightweight Website Style" behavior="After" priority="1000">
</plugIn>    Last step completed in 00:00:00.0115
</buildStep>
<buildStep step="GenerateApiFilter">
Generating API filter for MRefBuilder...
    Last step completed in 00:00:00.0080
</buildStep>
<buildStep step="GenerateReflectionInfo">
Generating reflection information...
[C:\Windows\Microsoft.NET\Framework64\v4.0.30319\MSBuild.exe]
Build started 6/25/2015 3:46:42 AM.
Project &quot;C:\Users\ALEX\Documents\Visual Studio 2013\Projects\ModulousLib\ModulousLibDocs\Help\Working\GenerateRefInfo.proj&quot; on node 1 (default targets).
PrepareForBuild:
  Creating directory &quot;obj\Debug\&quot;.
GenerateRefInfo:
  MRefBuilder (v2015.5.2.0)
  Copyright c 2006-2015, Microsoft Corporation, All Rights Reserved.
  Portions Copyright c 2006-2014, Eric Woodruff, All Rights Reserved.
  Loaded 1 assemblies for reflection and 2 dependency assemblies.
  Wrote information on 5 namespaces, 12 types, and 80 members
  Copying file from &quot;reflection.org&quot; to &quot;reflection.all&quot;.
  XslTransform (v2015.5.2.0)
  Copyright c 2006-2015, Microsoft Corporation, All Rights Reserved.
  Portions Copyright c 2006-2014, Eric Woodruff, All Rights Reserved.
  Applying XSL transformation &#39;C:\Program Files (x86)\EWSoftware\Sandcastle Help File Builder\ProductionTransforms\MergeDuplicates.xsl&#39;.
Done Building Project &quot;C:\Users\ALEX\Documents\Visual Studio 2013\Projects\ModulousLib\ModulousLibDocs\Help\Working\GenerateRefInfo.proj&quot; (default targets).

Build succeeded.

Time Elapsed 00:00:01.11
    Last step completed in 00:00:01.3880
</buildStep>
<buildStep step="TransformReflectionInfo">
Transforming reflection output...
[C:\Windows\Microsoft.NET\Framework64\v4.0.30319\MSBuild.exe]
Build started 6/25/2015 3:46:43 AM.
Project &quot;C:\Users\ALEX\Documents\Visual Studio 2013\Projects\ModulousLib\ModulousLibDocs\Help\Working\TransformManifest.proj&quot; on node 1 (default targets).
TransformManifest:
  XslTransform (v2015.5.2.0)
  Copyright c 2006-2015, Microsoft Corporation, All Rights Reserved.
  Portions Copyright c 2006-2014, Eric Woodruff, All Rights Reserved.
  Applying XSL transformation &#39;C:\Program Files (x86)\EWSoftware\Sandcastle Help File Builder\\ProductionTransforms\ApplyVSDocModel.xsl&#39;.
  Copying file from &quot;reflection.xml&quot; to &quot;reflection.nofilenames&quot;.
  XslTransform (v2015.5.2.0)
  Copyright c 2006-2015, Microsoft Corporation, All Rights Reserved.
  Portions Copyright c 2006-2014, Eric Woodruff, All Rights Reserved.
  Applying XSL transformation &#39;C:\Program Files (x86)\EWSoftware\Sandcastle Help File Builder\ProductionTransforms\AddFilenames.xsl&#39;.
  XslTransform (v2015.5.2.0)
  Copyright c 2006-2015, Microsoft Corporation, All Rights Reserved.
  Portions Copyright c 2006-2014, Eric Woodruff, All Rights Reserved.
  Applying XSL transformation &#39;C:\Program Files (x86)\EWSoftware\Sandcastle Help File Builder\ProductionTransforms\ReflectionToManifest.xsl&#39;.
Done Building Project &quot;C:\Users\ALEX\Documents\Visual Studio 2013\Projects\ModulousLib\ModulousLibDocs\Help\Working\TransformManifest.proj&quot; (default targets).

Build succeeded.

Time Elapsed 00:00:00.74
    Last step completed in 00:00:01.0059
</buildStep>
<buildStep step="GenerateNamespaceSummaries">
Generating namespace summary information...
    Last step completed in 00:00:00.0750
</buildStep>
<buildStep step="CopyConceptualContent">
Copying conceptual content...
Copying standard token shared content file...
Checking for other token files...
Checking for code snippets files...
Copying images and creating the media map file...
Generating conceptual topic files
    Parsing topic file &#39;C:\Users\ALEX\Documents\Visual Studio 2013\Projects\ModulousLib\ModulousLibDocs\Content\Welcome.aml&#39;
    C:\Users\ALEX\Documents\Visual Studio 2013\Projects\ModulousLib\ModulousLibDocs\Content\Welcome.aml -&gt; C:\Users\ALEX\Documents\Visual Studio 2013\Projects\ModulousLib\ModulousLibDocs\Help\Working\ddueXml\e22981ff-8c54-4c84-8b2d-ef10062698c1.xml
    Parsing topic file &#39;C:\Users\ALEX\Documents\Visual Studio 2013\Projects\ModulousLib\ModulousLibDocs\Content\How To Make a Mod Work.aml&#39;
    C:\Users\ALEX\Documents\Visual Studio 2013\Projects\ModulousLib\ModulousLibDocs\Content\How To Make a Mod Work.aml -&gt; C:\Users\ALEX\Documents\Visual Studio 2013\Projects\ModulousLib\ModulousLibDocs\Help\Working\ddueXml\172a92a9-3da1-4a1f-8cd5-a2468aa522ee.xml
    Parsing topic file &#39;C:\Users\ALEX\Documents\Visual Studio 2013\Projects\ModulousLib\ModulousLibDocs\Conceptual.aml&#39;
    C:\Users\ALEX\Documents\Visual Studio 2013\Projects\ModulousLib\ModulousLibDocs\Conceptual.aml -&gt; C:\Users\ALEX\Documents\Visual Studio 2013\Projects\ModulousLib\ModulousLibDocs\Help\Working\ddueXml\2d4631ba-9ee0-45fd-b822-08f9e7ca1ebf.xml
    Parsing topic file &#39;C:\Users\ALEX\Documents\Visual Studio 2013\Projects\ModulousLib\ModulousLibDocs\Content\VersionHistory\VersionHistory.aml&#39;
    C:\Users\ALEX\Documents\Visual Studio 2013\Projects\ModulousLib\ModulousLibDocs\Content\VersionHistory\VersionHistory.aml -&gt; C:\Users\ALEX\Documents\Visual Studio 2013\Projects\ModulousLib\ModulousLibDocs\Help\Working\ddueXml\392392f2-b4c9-44c1-b08d-e7d3814a8263.xml
    Parsing topic file &#39;C:\Users\ALEX\Documents\Visual Studio 2013\Projects\ModulousLib\ModulousLibDocs\Content\VersionHistory\v1.0.0.0.aml&#39;
    C:\Users\ALEX\Documents\Visual Studio 2013\Projects\ModulousLib\ModulousLibDocs\Content\VersionHistory\v1.0.0.0.aml -&gt; C:\Users\ALEX\Documents\Visual Studio 2013\Projects\ModulousLib\ModulousLibDocs\Help\Working\ddueXml\e9b199f2-35b6-4179-9f06-d07329fe54cd.xml
    Last step completed in 00:00:00.0683
</buildStep>
<buildStep step="CreateConceptualTopicConfigs">
Creating conceptual topic configuration files...
    Companion files
    _ContentMetadata_.xml
    ConceptualManifest.xml
    Last step completed in 00:00:00.0187
</buildStep>
<buildStep step="CopyAdditionalContent">
Copying additional content files...
C:\Users\ALEX\Documents\Visual Studio 2013\Projects\ModulousLib\ModulousLibDocs\icons\Help.png -&gt; C:\Users\ALEX\Documents\Visual Studio 2013\Projects\ModulousLib\ModulousLibDocs\Help\Working\Output\HtmlHelp1\icons\Help.png
C:\Users\ALEX\Documents\Visual Studio 2013\Projects\ModulousLib\ModulousLibDocs\icons\Help.png -&gt; C:\Users\ALEX\Documents\Visual Studio 2013\Projects\ModulousLib\ModulousLibDocs\Help\Working\Output\Website\icons\Help.png
    Last step completed in 00:00:00.0075
</buildStep>
<buildStep step="MergeTablesOfContents">
Merging conceptual and additional tables of contents...
    Last step completed in 00:00:00.0015
</buildStep>
<buildStep step="GenerateIntermediateTableOfContents">
Generating intermediate table of contents file...
[C:\Windows\Microsoft.NET\Framework64\v4.0.30319\MSBuild.exe]
Build started 6/25/2015 3:46:44 AM.
Project &quot;C:\Users\ALEX\Documents\Visual Studio 2013\Projects\ModulousLib\ModulousLibDocs\Help\Working\GenerateIntermediateTOC.proj&quot; on node 1 (default targets).
GenerateIntermediateTOC:
  XslTransform (v2015.5.2.0)
  Copyright c 2006-2015, Microsoft Corporation, All Rights Reserved.
  Portions Copyright c 2006-2014, Eric Woodruff, All Rights Reserved.
  Applying XSL transformation &#39;C:\Program Files (x86)\EWSoftware\Sandcastle Help File Builder\\ProductionTransforms\CreateVSToc.xsl&#39;.
Done Building Project &quot;C:\Users\ALEX\Documents\Visual Studio 2013\Projects\ModulousLib\ModulousLibDocs\Help\Working\GenerateIntermediateTOC.proj&quot; (default targets).

Build succeeded.

Time Elapsed 00:00:00.62
Generating conceptual content intermediate TOC file...
    Last step completed in 00:00:01.1260
</buildStep>
<buildStep step="CreateBuildAssemblerConfigs">
Creating Sandcastle configuration files...
    sandcastle.config
    conceptual.config
    Last step completed in 00:00:00.3230
</buildStep>
<buildStep step="MergeCustomConfigs">
Merging custom build component configurations
C:\Users\ALEX\Documents\Visual Studio 2013\Projects\ModulousLib\ModulousLibDocs\Help\Working\sandcastle.config
C:\Users\ALEX\Documents\Visual Studio 2013\Projects\ModulousLib\ModulousLibDocs\Help\Working\conceptual.config
    Removing unused ExampleComponent.
    Last step completed in 00:00:00.1060
</buildStep>
<buildStep step="BuildConceptualTopics">
Building conceptual help topics...
[C:\Windows\Microsoft.NET\Framework64\v4.0.30319\MSBuild.exe]
Build started 6/25/2015 3:46:46 AM.
Project &quot;C:\Users\ALEX\Documents\Visual Studio 2013\Projects\ModulousLib\ModulousLibDocs\Help\Working\BuildConceptualTopics.proj&quot; on node 1 (default targets).
BuildConceptualTopics:
  BuildAssembler (v2015.5.2.0)
  Copyright c 2006-2015, Microsoft Corporation, All Rights Reserved.
  Portions Copyright c 2006-2014, Eric Woodruff, All Rights Reserved.
  Loading configuration...
  Processing topics...
  Processed 5 topic(s)
  CopyFromIndexComponent: &quot;metadata&quot; in-memory cache entries used: 1 of 15.
Done Building Project &quot;C:\Users\ALEX\Documents\Visual Studio 2013\Projects\ModulousLib\ModulousLibDocs\Help\Working\BuildConceptualTopics.proj&quot; (default targets).

Build succeeded.

Time Elapsed 00:00:05.91
    Last step completed in 00:00:06.3179
</buildStep>
<buildStep step="BuildReferenceTopics">
Building reference help topics...
[C:\Windows\Microsoft.NET\Framework64\v4.0.30319\MSBuild.exe]
Build started 6/25/2015 3:46:52 AM.
Project &quot;C:\Users\ALEX\Documents\Visual Studio 2013\Projects\ModulousLib\ModulousLibDocs\Help\Working\BuildReferenceTopics.proj&quot; on node 1 (default targets).
BuildReferenceTopics:
  BuildAssembler (v2015.5.2.0)
  Copyright c 2006-2015, Microsoft Corporation, All Rights Reserved.
  Portions Copyright c 2006-2014, Eric Woodruff, All Rights Reserved.
  Loading configuration...
  Processing topics...
BuildAssembler : warning : ShowMissingComponent: [N:ModulousLib] Missing &lt;summary&gt; documentation [C:\Users\ALEX\Documents\Visual Studio 2013\Projects\ModulousLib\ModulousLibDocs\Help\Working\BuildReferenceTopics.proj]
BuildAssembler : warning : ShowMissingComponent: [T:ModulousLib.Globals] Missing &lt;summary&gt; documentation [C:\Users\ALEX\Documents\Visual Studio 2013\Projects\ModulousLib\ModulousLibDocs\Help\Working\BuildReferenceTopics.proj]
BuildAssembler : warning : ShowMissingComponent: [P:ModulousLib.Globals.AssemblyDirectory] Missing &lt;summary&gt; documentation [C:\Users\ALEX\Documents\Visual Studio 2013\Projects\ModulousLib\ModulousLibDocs\Help\Working\BuildReferenceTopics.proj]
BuildAssembler : warning : ShowMissingComponent: [P:ModulousLib.Globals.site_url] Missing &lt;summary&gt; documentation [C:\Users\ALEX\Documents\Visual Studio 2013\Projects\ModulousLib\ModulousLibDocs\Help\Working\BuildReferenceTopics.proj]
BuildAssembler : warning : ShowMissingComponent: [P:ModulousLib.Globals.temporary_path] Missing &lt;summary&gt; documentation [C:\Users\ALEX\Documents\Visual Studio 2013\Projects\ModulousLib\ModulousLibDocs\Help\Working\BuildReferenceTopics.proj]
BuildAssembler : warning : ShowMissingComponent: [T:ModulousLib.LocalMod] Missing &lt;summary&gt; documentation [C:\Users\ALEX\Documents\Visual Studio 2013\Projects\ModulousLib\ModulousLibDocs\Help\Working\BuildReferenceTopics.proj]
BuildAssembler : warning : ShowMissingComponent: [M:ModulousLib.LocalMod.#ctor(ModulousLib.ModConfig)] Missing &lt;param name=&quot;installed&quot;/&gt; documentation [C:\Users\ALEX\Documents\Visual Studio 2013\Projects\ModulousLib\ModulousLibDocs\Help\Working\BuildReferenceTopics.proj]
BuildAssembler : warning : ShowMissingComponent: [M:ModulousLib.LocalMod.#ctor(ModulousLib.OnlineMod)] Missing &lt;param name=&quot;online&quot;/&gt; documentation [C:\Users\ALEX\Documents\Visual Studio 2013\Projects\ModulousLib\ModulousLibDocs\Help\Working\BuildReferenceTopics.proj]
BuildAssembler : warning : ShowMissingComponent: [M:ModulousLib.LocalMod.#ctor(ModulousLib.OnlineMod,ModulousLib.ModConfig)] Missing &lt;param name=&quot;online&quot;/&gt; documentation [C:\Users\ALEX\Documents\Visual Studio 2013\Projects\ModulousLib\ModulousLibDocs\Help\Working\BuildReferenceTopics.proj]
BuildAssembler : warning : ShowMissingComponent: [M:ModulousLib.LocalMod.#ctor(ModulousLib.OnlineMod,ModulousLib.ModConfig)] Missing &lt;param name=&quot;installed&quot;/&gt; documentation [C:\Users\ALEX\Documents\Visual Studio 2013\Projects\ModulousLib\ModulousLibDocs\Help\Working\BuildReferenceTopics.proj]
BuildAssembler : warning : ShowMissingComponent: [P:ModulousLib.LocalMod.installed_mod] Missing &lt;summary&gt; documentation [C:\Users\ALEX\Documents\Visual Studio 2013\Projects\ModulousLib\ModulousLibDocs\Help\Working\BuildReferenceTopics.proj]
BuildAssembler : warning : ShowMissingComponent: [P:ModulousLib.LocalMod.is_installed] Missing &lt;summary&gt; documentation [C:\Users\ALEX\Documents\Visual Studio 2013\Projects\ModulousLib\ModulousLibDocs\Help\Working\BuildReferenceTopics.proj]
BuildAssembler : warning : ShowMissingComponent: [P:ModulousLib.LocalMod.is_online] Missing &lt;summary&gt; documentation [C:\Users\ALEX\Documents\Visual Studio 2013\Projects\ModulousLib\ModulousLibDocs\Help\Working\BuildReferenceTopics.proj]
BuildAssembler : warning : ShowMissingComponent: [P:ModulousLib.LocalMod.online_mod] Missing &lt;summary&gt; documentation [C:\Users\ALEX\Documents\Visual Studio 2013\Projects\ModulousLib\ModulousLibDocs\Help\Working\BuildReferenceTopics.proj]
BuildAssembler : warning : ShowMissingComponent: [T:ModulousLib.ModConfig] Missing &lt;summary&gt; documentation [C:\Users\ALEX\Documents\Visual Studio 2013\Projects\ModulousLib\ModulousLibDocs\Help\Working\BuildReferenceTopics.proj]
BuildAssembler : warning : ShowMissingComponent: [P:ModulousLib.ModConfig.author] Missing &lt;summary&gt; documentation [C:\Users\ALEX\Documents\Visual Studio 2013\Projects\ModulousLib\ModulousLibDocs\Help\Working\BuildReferenceTopics.proj]
BuildAssembler : warning : ShowMissingComponent: [M:ModulousLib.ModConfig.FromFile(System.String)] Missing &lt;summary&gt; documentation [C:\Users\ALEX\Documents\Visual Studio 2013\Projects\ModulousLib\ModulousLibDocs\Help\Working\BuildReferenceTopics.proj]
BuildAssembler : warning : ShowMissingComponent: [M:ModulousLib.ModConfig.FromFile(System.String)] Missing &lt;returns&gt; documentation [C:\Users\ALEX\Documents\Visual Studio 2013\Projects\ModulousLib\ModulousLibDocs\Help\Working\BuildReferenceTopics.proj]
BuildAssembler : warning : ShowMissingComponent: [M:ModulousLib.ModConfig.FromFile(System.String)] Missing &lt;param name=&quot;file&quot;/&gt; documentation [C:\Users\ALEX\Documents\Visual Studio 2013\Projects\ModulousLib\ModulousLibDocs\Help\Working\BuildReferenceTopics.proj]
BuildAssembler : warning : ShowMissingComponent: [P:ModulousLib.ModConfig.game] Missing &lt;summary&gt; documentation [C:\Users\ALEX\Documents\Visual Studio 2013\Projects\ModulousLib\ModulousLibDocs\Help\Working\BuildReferenceTopics.proj]
BuildAssembler : warning : ShowMissingComponent: [F:ModulousLib.ModConfig.id] Missing &lt;summary&gt; documentation [C:\Users\ALEX\Documents\Visual Studio 2013\Projects\ModulousLib\ModulousLibDocs\Help\Working\BuildReferenceTopics.proj]
BuildAssembler : warning : ShowMissingComponent: [P:ModulousLib.ModConfig.install_script] Missing &lt;summary&gt; documentation [C:\Users\ALEX\Documents\Visual Studio 2013\Projects\ModulousLib\ModulousLibDocs\Help\Working\BuildReferenceTopics.proj]
BuildAssembler : warning : ShowMissingComponent: [P:ModulousLib.ModConfig.name] Missing &lt;summary&gt; documentation [C:\Users\ALEX\Documents\Visual Studio 2013\Projects\ModulousLib\ModulousLibDocs\Help\Working\BuildReferenceTopics.proj]
BuildAssembler : warning : ShowMissingComponent: [P:ModulousLib.ModConfig.online_mod] Missing &lt;summary&gt; documentation [C:\Users\ALEX\Documents\Visual Studio 2013\Projects\ModulousLib\ModulousLibDocs\Help\Working\BuildReferenceTopics.proj]
BuildAssembler : warning : ShowMissingComponent: [P:ModulousLib.ModConfig.requires_brawlex] Missing &lt;summary&gt; documentation [C:\Users\ALEX\Documents\Visual Studio 2013\Projects\ModulousLib\ModulousLibDocs\Help\Working\BuildReferenceTopics.proj]
BuildAssembler : warning : ShowMissingComponent: [P:ModulousLib.ModConfig.version] Missing &lt;summary&gt; documentation [C:\Users\ALEX\Documents\Visual Studio 2013\Projects\ModulousLib\ModulousLibDocs\Help\Working\BuildReferenceTopics.proj]
BuildAssembler : warning : ShowMissingComponent: [T:ModulousLib.ModVersion] Missing &lt;summary&gt; documentation [C:\Users\ALEX\Documents\Visual Studio 2013\Projects\ModulousLib\ModulousLibDocs\Help\Working\BuildReferenceTopics.proj]
BuildAssembler : warning : ShowMissingComponent: [P:ModulousLib.ModVersion.changelog] Missing &lt;summary&gt; documentation [C:\Users\ALEX\Documents\Visual Studio 2013\Projects\ModulousLib\ModulousLibDocs\Help\Working\BuildReferenceTopics.proj]
BuildAssembler : warning : ShowMissingComponent: [P:ModulousLib.ModVersion.download_path] Missing &lt;summary&gt; documentation [C:\Users\ALEX\Documents\Visual Studio 2013\Projects\ModulousLib\ModulousLibDocs\Help\Working\BuildReferenceTopics.proj]
BuildAssembler : warning : ShowMissingComponent: [P:ModulousLib.ModVersion.friendly_version] Missing &lt;summary&gt; documentation [C:\Users\ALEX\Documents\Visual Studio 2013\Projects\ModulousLib\ModulousLibDocs\Help\Working\BuildReferenceTopics.proj]
BuildAssembler : warning : ShowMissingComponent: [P:ModulousLib.ModVersion.id] Missing &lt;summary&gt; documentation [C:\Users\ALEX\Documents\Visual Studio 2013\Projects\ModulousLib\ModulousLibDocs\Help\Working\BuildReferenceTopics.proj]
BuildAssembler : warning : ShowMissingComponent: [P:ModulousLib.ModVersion.ksp_version] Missing &lt;summary&gt; documentation [C:\Users\ALEX\Documents\Visual Studio 2013\Projects\ModulousLib\ModulousLibDocs\Help\Working\BuildReferenceTopics.proj]
BuildAssembler : warning : ShowMissingComponent: [P:ModulousLib.OnlineMod.author] Missing &lt;summary&gt; documentation [C:\Users\ALEX\Documents\Visual Studio 2013\Projects\ModulousLib\ModulousLibDocs\Help\Working\BuildReferenceTopics.proj]
BuildAssembler : warning : ShowMissingComponent: [P:ModulousLib.OnlineMod.default_version_id] Missing &lt;summary&gt; documentation [C:\Users\ALEX\Documents\Visual Studio 2013\Projects\ModulousLib\ModulousLibDocs\Help\Working\BuildReferenceTopics.proj]
BuildAssembler : warning : ShowMissingComponent: [P:ModulousLib.OnlineMod.description] Missing &lt;summary&gt; documentation [C:\Users\ALEX\Documents\Visual Studio 2013\Projects\ModulousLib\ModulousLibDocs\Help\Working\BuildReferenceTopics.proj]
BuildAssembler : warning : ShowMissingComponent: [P:ModulousLib.OnlineMod.description_html] Missing &lt;summary&gt; documentation [C:\Users\ALEX\Documents\Visual Studio 2013\Projects\ModulousLib\ModulousLibDocs\Help\Working\BuildReferenceTopics.proj]
BuildAssembler : warning : ShowMissingComponent: [P:ModulousLib.OnlineMod.donations] Missing &lt;summary&gt; documentation [C:\Users\ALEX\Documents\Visual Studio 2013\Projects\ModulousLib\ModulousLibDocs\Help\Working\BuildReferenceTopics.proj]
BuildAssembler : warning : ShowMissingComponent: [P:ModulousLib.OnlineMod.downloads] Missing &lt;summary&gt; documentation [C:\Users\ALEX\Documents\Visual Studio 2013\Projects\ModulousLib\ModulousLibDocs\Help\Working\BuildReferenceTopics.proj]
BuildAssembler : warning : ShowMissingComponent: [P:ModulousLib.OnlineMod.followers] Missing &lt;summary&gt; documentation [C:\Users\ALEX\Documents\Visual Studio 2013\Projects\ModulousLib\ModulousLibDocs\Help\Working\BuildReferenceTopics.proj]
BuildAssembler : warning : ShowMissingComponent: [M:ModulousLib.OnlineMod.get_local_mod] Missing &lt;summary&gt; documentation [C:\Users\ALEX\Documents\Visual Studio 2013\Projects\ModulousLib\ModulousLibDocs\Help\Working\BuildReferenceTopics.proj]
BuildAssembler : warning : ShowMissingComponent: [M:ModulousLib.OnlineMod.get_local_mod] Missing &lt;returns&gt; documentation [C:\Users\ALEX\Documents\Visual Studio 2013\Projects\ModulousLib\ModulousLibDocs\Help\Working\BuildReferenceTopics.proj]
BuildAssembler : warning : ShowMissingComponent: [M:ModulousLib.OnlineMod.get_mod_from_API(System.Int32)] Missing &lt;returns&gt; documentation [C:\Users\ALEX\Documents\Visual Studio 2013\Projects\ModulousLib\ModulousLibDocs\Help\Working\BuildReferenceTopics.proj]
BuildAssembler : warning : ShowMissingComponent: [M:ModulousLib.OnlineMod.get_mod_from_file(System.String)] Missing &lt;returns&gt; documentation [C:\Users\ALEX\Documents\Visual Studio 2013\Projects\ModulousLib\ModulousLibDocs\Help\Working\BuildReferenceTopics.proj]
BuildAssembler : warning : ShowMissingComponent: [P:ModulousLib.OnlineMod.id] Missing &lt;summary&gt; documentation [C:\Users\ALEX\Documents\Visual Studio 2013\Projects\ModulousLib\ModulousLibDocs\Help\Working\BuildReferenceTopics.proj]
BuildAssembler : warning : ShowMissingComponent: [M:ModulousLib.OnlineMod.install_mod_from_file(System.String,System.Int32)] Missing &lt;param name=&quot;id&quot;/&gt; documentation [C:\Users\ALEX\Documents\Visual Studio 2013\Projects\ModulousLib\ModulousLibDocs\Help\Working\BuildReferenceTopics.proj]
BuildAssembler : warning : ShowMissingComponent: [M:ModulousLib.OnlineMod.install_mod_from_metafile(ModulousLib.ModConfig,System.Int32)] Missing &lt;summary&gt; documentation [C:\Users\ALEX\Documents\Visual Studio 2013\Projects\ModulousLib\ModulousLibDocs\Help\Working\BuildReferenceTopics.proj]
BuildAssembler : warning : ShowMissingComponent: [M:ModulousLib.OnlineMod.install_mod_from_metafile(ModulousLib.ModConfig,System.Int32)] Missing &lt;param name=&quot;config&quot;/&gt; documentation [C:\Users\ALEX\Documents\Visual Studio 2013\Projects\ModulousLib\ModulousLibDocs\Help\Working\BuildReferenceTopics.proj]
BuildAssembler : warning : ShowMissingComponent: [M:ModulousLib.OnlineMod.install_mod_from_metafile(ModulousLib.ModConfig,System.Int32)] Missing &lt;param name=&quot;id&quot;/&gt; documentation [C:\Users\ALEX\Documents\Visual Studio 2013\Projects\ModulousLib\ModulousLibDocs\Help\Working\BuildReferenceTopics.proj]
BuildAssembler : warning : ShowMissingComponent: [M:ModulousLib.OnlineMod.install_mod_from_site(System.Int32)] Missing &lt;summary&gt; documentation [C:\Users\ALEX\Documents\Visual Studio 2013\Projects\ModulousLib\ModulousLibDocs\Help\Working\BuildReferenceTopics.proj]
BuildAssembler : warning : ShowMissingComponent: [M:ModulousLib.OnlineMod.install_mod_from_site(System.Int32)] Missing &lt;param name=&quot;id&quot;/&gt; documentation [C:\Users\ALEX\Documents\Visual Studio 2013\Projects\ModulousLib\ModulousLibDocs\Help\Working\BuildReferenceTopics.proj]
BuildAssembler : warning : ShowMissingComponent: [P:ModulousLib.OnlineMod.license] Missing &lt;summary&gt; documentation [C:\Users\ALEX\Documents\Visual Studio 2013\Projects\ModulousLib\ModulousLibDocs\Help\Working\BuildReferenceTopics.proj]
BuildAssembler : warning : ShowMissingComponent: [P:ModulousLib.OnlineMod.name] Missing &lt;summary&gt; documentation [C:\Users\ALEX\Documents\Visual Studio 2013\Projects\ModulousLib\ModulousLibDocs\Help\Working\BuildReferenceTopics.proj]
BuildAssembler : warning : ShowMissingComponent: [P:ModulousLib.OnlineMod.other_authors] Missing &lt;summary&gt; documentation [C:\Users\ALEX\Documents\Visual Studio 2013\Projects\ModulousLib\ModulousLibDocs\Help\Working\BuildReferenceTopics.proj]
BuildAssembler : warning : ShowMissingComponent: [P:ModulousLib.OnlineMod.short_description] Missing &lt;summary&gt; documentation [C:\Users\ALEX\Documents\Visual Studio 2013\Projects\ModulousLib\ModulousLibDocs\Help\Working\BuildReferenceTopics.proj]
BuildAssembler : warning : ShowMissingComponent: [P:ModulousLib.OnlineMod.source_code] Missing &lt;summary&gt; documentation [C:\Users\ALEX\Documents\Visual Studio 2013\Projects\ModulousLib\ModulousLibDocs\Help\Working\BuildReferenceTopics.proj]
BuildAssembler : warning : ShowMissingComponent: [P:ModulousLib.OnlineMod.tags] Missing &lt;summary&gt; documentation [C:\Users\ALEX\Documents\Visual Studio 2013\Projects\ModulousLib\ModulousLibDocs\Help\Working\BuildReferenceTopics.proj]
BuildAssembler : warning : ShowMissingComponent: [M:ModulousLib.OnlineMod.update_mod_from_file(System.String,System.Int32)] Missing &lt;summary&gt; documentation [C:\Users\ALEX\Documents\Visual Studio 2013\Projects\ModulousLib\ModulousLibDocs\Help\Working\BuildReferenceTopics.proj]
BuildAssembler : warning : ShowMissingComponent: [M:ModulousLib.OnlineMod.update_mod_from_file(System.String,System.Int32)] Missing &lt;param name=&quot;file&quot;/&gt; documentation [C:\Users\ALEX\Documents\Visual Studio 2013\Projects\ModulousLib\ModulousLibDocs\Help\Working\BuildReferenceTopics.proj]
BuildAssembler : warning : ShowMissingComponent: [M:ModulousLib.OnlineMod.update_mod_from_file(System.String,System.Int32)] Missing &lt;param name=&quot;id&quot;/&gt; documentation [C:\Users\ALEX\Documents\Visual Studio 2013\Projects\ModulousLib\ModulousLibDocs\Help\Working\BuildReferenceTopics.proj]
BuildAssembler : warning : ShowMissingComponent: [M:ModulousLib.OnlineMod.update_mod_from_metafile(ModulousLib.ModConfig,System.Int32)] Missing &lt;summary&gt; documentation [C:\Users\ALEX\Documents\Visual Studio 2013\Projects\ModulousLib\ModulousLibDocs\Help\Working\BuildReferenceTopics.proj]
BuildAssembler : warning : ShowMissingComponent: [M:ModulousLib.OnlineMod.update_mod_from_metafile(ModulousLib.ModConfig,System.Int32)] Missing &lt;param name=&quot;config&quot;/&gt; documentation [C:\Users\ALEX\Documents\Visual Studio 2013\Projects\ModulousLib\ModulousLibDocs\Help\Working\BuildReferenceTopics.proj]
BuildAssembler : warning : ShowMissingComponent: [M:ModulousLib.OnlineMod.update_mod_from_metafile(ModulousLib.ModConfig,System.Int32)] Missing &lt;param name=&quot;id&quot;/&gt; documentation [C:\Users\ALEX\Documents\Visual Studio 2013\Projects\ModulousLib\ModulousLibDocs\Help\Working\BuildReferenceTopics.proj]
BuildAssembler : warning : ShowMissingComponent: [P:ModulousLib.OnlineMod.url] Missing &lt;summary&gt; documentation [C:\Users\ALEX\Documents\Visual Studio 2013\Projects\ModulousLib\ModulousLibDocs\Help\Working\BuildReferenceTopics.proj]
BuildAssembler : warning : ShowMissingComponent: [P:ModulousLib.OnlineMod.versions] Missing &lt;summary&gt; documentation [C:\Users\ALEX\Documents\Visual Studio 2013\Projects\ModulousLib\ModulousLibDocs\Help\Working\BuildReferenceTopics.proj]
BuildAssembler : warning : ShowMissingComponent: [P:ModulousLib.OnlineMod.website] Missing &lt;summary&gt; documentation [C:\Users\ALEX\Documents\Visual Studio 2013\Projects\ModulousLib\ModulousLibDocs\Help\Working\BuildReferenceTopics.proj]
BuildAssembler : warning : ShowMissingComponent: [T:ModulousLib.SDCard] Missing &lt;summary&gt; documentation [C:\Users\ALEX\Documents\Visual Studio 2013\Projects\ModulousLib\ModulousLibDocs\Help\Working\BuildReferenceTopics.proj]
BuildAssembler : warning : ShowMissingComponent: [P:ModulousLib.SDCard.sd_card_mod_store_path] Missing &lt;summary&gt; documentation [C:\Users\ALEX\Documents\Visual Studio 2013\Projects\ModulousLib\ModulousLibDocs\Help\Working\BuildReferenceTopics.proj]
BuildAssembler : warning : ShowMissingComponent: [P:ModulousLib.SDCard.sd_card_path] Missing &lt;summary&gt; documentation [C:\Users\ALEX\Documents\Visual Studio 2013\Projects\ModulousLib\ModulousLibDocs\Help\Working\BuildReferenceTopics.proj]
BuildAssembler : warning : ShowMissingComponent: [T:ModulousLib.SDManager] Missing &lt;summary&gt; documentation [C:\Users\ALEX\Documents\Visual Studio 2013\Projects\ModulousLib\ModulousLibDocs\Help\Working\BuildReferenceTopics.proj]
BuildAssembler : warning : ShowMissingComponent: [N:ModulousLib.BrawlEX] Missing &lt;summary&gt; documentation [C:\Users\ALEX\Documents\Visual Studio 2013\Projects\ModulousLib\ModulousLibDocs\Help\Working\BuildReferenceTopics.proj]
BuildAssembler : warning : ShowMissingComponent: [N:ModulousLib.Config] Missing &lt;summary&gt; documentation [C:\Users\ALEX\Documents\Visual Studio 2013\Projects\ModulousLib\ModulousLibDocs\Help\Working\BuildReferenceTopics.proj]
BuildAssembler : warning : ShowMissingComponent: [M:ModulousLib.Config.ConfigFile.FromFile(System.String)] Missing &lt;summary&gt; documentation [C:\Users\ALEX\Documents\Visual Studio 2013\Projects\ModulousLib\ModulousLibDocs\Help\Working\BuildReferenceTopics.proj]
BuildAssembler : warning : ShowMissingComponent: [M:ModulousLib.Config.ConfigFile.FromFile(System.String)] Missing &lt;returns&gt; documentation [C:\Users\ALEX\Documents\Visual Studio 2013\Projects\ModulousLib\ModulousLibDocs\Help\Working\BuildReferenceTopics.proj]
BuildAssembler : warning : ShowMissingComponent: [M:ModulousLib.Config.ConfigFile.FromFile(System.String)] Missing &lt;param name=&quot;filePath&quot;/&gt; documentation [C:\Users\ALEX\Documents\Visual Studio 2013\Projects\ModulousLib\ModulousLibDocs\Help\Working\BuildReferenceTopics.proj]
BuildAssembler : warning : ShowMissingComponent: [P:ModulousLib.Config.ConfigFile.sd_card_location] Missing &lt;summary&gt; documentation [C:\Users\ALEX\Documents\Visual Studio 2013\Projects\ModulousLib\ModulousLibDocs\Help\Working\BuildReferenceTopics.proj]
BuildAssembler : warning : ShowMissingComponent: [P:ModulousLib.Config.ConfigFile.version] Missing &lt;summary&gt; documentation [C:\Users\ALEX\Documents\Visual Studio 2013\Projects\ModulousLib\ModulousLibDocs\Help\Working\BuildReferenceTopics.proj]
BuildAssembler : warning : ShowMissingComponent: [N:ModulousLib.Web] Missing &lt;summary&gt; documentation [C:\Users\ALEX\Documents\Visual Studio 2013\Projects\ModulousLib\ModulousLibDocs\Help\Working\BuildReferenceTopics.proj]
BuildAssembler : warning : ShowMissingComponent: [T:ModulousLib.Web.ModPage] Missing &lt;summary&gt; documentation [C:\Users\ALEX\Documents\Visual Studio 2013\Projects\ModulousLib\ModulousLibDocs\Help\Working\BuildReferenceTopics.proj]
BuildAssembler : warning : ShowMissingComponent: [M:ModulousLib.Web.ModPage.browse_mods_from_api(System.Int32,System.String,System.String,System.Int32)] Missing &lt;summary&gt; documentation [C:\Users\ALEX\Documents\Visual Studio 2013\Projects\ModulousLib\ModulousLibDocs\Help\Working\BuildReferenceTopics.proj]
BuildAssembler : warning : ShowMissingComponent: [M:ModulousLib.Web.ModPage.browse_mods_from_api(System.Int32,System.String,System.String,System.Int32)] Missing &lt;returns&gt; documentation [C:\Users\ALEX\Documents\Visual Studio 2013\Projects\ModulousLib\ModulousLibDocs\Help\Working\BuildReferenceTopics.proj]
BuildAssembler : warning : ShowMissingComponent: [M:ModulousLib.Web.ModPage.browse_mods_from_api(System.Int32,System.String,System.String,System.Int32)] Missing &lt;param name=&quot;page&quot;/&gt; documentation [C:\Users\ALEX\Documents\Visual Studio 2013\Projects\ModulousLib\ModulousLibDocs\Help\Working\BuildReferenceTopics.proj]
BuildAssembler : warning : ShowMissingComponent: [M:ModulousLib.Web.ModPage.browse_mods_from_api(System.Int32,System.String,System.String,System.Int32)] Missing &lt;param name=&quot;orderby&quot;/&gt; documentation [C:\Users\ALEX\Documents\Visual Studio 2013\Projects\ModulousLib\ModulousLibDocs\Help\Working\BuildReferenceTopics.proj]
BuildAssembler : warning : ShowMissingComponent: [M:ModulousLib.Web.ModPage.browse_mods_from_api(System.Int32,System.String,System.String,System.Int32)] Missing &lt;param name=&quot;order&quot;/&gt; documentation [C:\Users\ALEX\Documents\Visual Studio 2013\Projects\ModulousLib\ModulousLibDocs\Help\Working\BuildReferenceTopics.proj]
BuildAssembler : warning : ShowMissingComponent: [M:ModulousLib.Web.ModPage.browse_mods_from_api(System.Int32,System.String,System.String,System.Int32)] Missing &lt;param name=&quot;count&quot;/&gt; documentation [C:\Users\ALEX\Documents\Visual Studio 2013\Projects\ModulousLib\ModulousLibDocs\Help\Working\BuildReferenceTopics.proj]
BuildAssembler : warning : ShowMissingComponent: [P:ModulousLib.Web.ModPage.count] Missing &lt;summary&gt; documentation [C:\Users\ALEX\Documents\Visual Studio 2013\Projects\ModulousLib\ModulousLibDocs\Help\Working\BuildReferenceTopics.proj]
BuildAssembler : warning : ShowMissingComponent: [P:ModulousLib.Web.ModPage.page] Missing &lt;summary&gt; documentation [C:\Users\ALEX\Documents\Visual Studio 2013\Projects\ModulousLib\ModulousLibDocs\Help\Working\BuildReferenceTopics.proj]
BuildAssembler : warning : ShowMissingComponent: [P:ModulousLib.Web.ModPage.pages] Missing &lt;summary&gt; documentation [C:\Users\ALEX\Documents\Visual Studio 2013\Projects\ModulousLib\ModulousLibDocs\Help\Working\BuildReferenceTopics.proj]
BuildAssembler : warning : ShowMissingComponent: [P:ModulousLib.Web.ModPage.result] Missing &lt;summary&gt; documentation [C:\Users\ALEX\Documents\Visual Studio 2013\Projects\ModulousLib\ModulousLibDocs\Help\Working\BuildReferenceTopics.proj]
BuildAssembler : warning : ShowMissingComponent: [T:ModulousLib.Web.VersionInfo] Missing &lt;summary&gt; documentation [C:\Users\ALEX\Documents\Visual Studio 2013\Projects\ModulousLib\ModulousLibDocs\Help\Working\BuildReferenceTopics.proj]
BuildAssembler : warning : ShowMissingComponent: [M:ModulousLib.Web.VersionInfo.FromFile(System.String)] Missing &lt;summary&gt; documentation [C:\Users\ALEX\Documents\Visual Studio 2013\Projects\ModulousLib\ModulousLibDocs\Help\Working\BuildReferenceTopics.proj]
BuildAssembler : warning : ShowMissingComponent: [M:ModulousLib.Web.VersionInfo.FromFile(System.String)] Missing &lt;returns&gt; documentation [C:\Users\ALEX\Documents\Visual Studio 2013\Projects\ModulousLib\ModulousLibDocs\Help\Working\BuildReferenceTopics.proj]
BuildAssembler : warning : ShowMissingComponent: [M:ModulousLib.Web.VersionInfo.FromFile(System.String)] Missing &lt;param name=&quot;file&quot;/&gt; documentation [C:\Users\ALEX\Documents\Visual Studio 2013\Projects\ModulousLib\ModulousLibDocs\Help\Working\BuildReferenceTopics.proj]
BuildAssembler : warning : ShowMissingComponent: [M:ModulousLib.Web.VersionInfo.get_version_info_from_api] Missing &lt;summary&gt; documentation [C:\Users\ALEX\Documents\Visual Studio 2013\Projects\ModulousLib\ModulousLibDocs\Help\Working\BuildReferenceTopics.proj]
BuildAssembler : warning : ShowMissingComponent: [M:ModulousLib.Web.VersionInfo.get_version_info_from_api] Missing &lt;returns&gt; documentation [C:\Users\ALEX\Documents\Visual Studio 2013\Projects\ModulousLib\ModulousLibDocs\Help\Working\BuildReferenceTopics.proj]
BuildAssembler : warning : ShowMissingComponent: [P:ModulousLib.Web.VersionInfo.version] Missing &lt;summary&gt; documentation [C:\Users\ALEX\Documents\Visual Studio 2013\Projects\ModulousLib\ModulousLibDocs\Help\Working\BuildReferenceTopics.proj]
BuildAssembler : warning : ShowMissingComponent: [P:ModulousLib.Web.VersionInfo.version_path] Missing &lt;summary&gt; documentation [C:\Users\ALEX\Documents\Visual Studio 2013\Projects\ModulousLib\ModulousLibDocs\Help\Working\BuildReferenceTopics.proj]
BuildAssembler : warning : ShowMissingComponent: [N:ModulousMM] Missing &lt;summary&gt; documentation [C:\Users\ALEX\Documents\Visual Studio 2013\Projects\ModulousLib\ModulousLibDocs\Help\Working\BuildReferenceTopics.proj]
BuildAssembler : warning : ShowMissingComponent: [T:ModulousMM.TopMostMessageBox] Missing &lt;summary&gt; documentation [C:\Users\ALEX\Documents\Visual Studio 2013\Projects\ModulousLib\ModulousLibDocs\Help\Working\BuildReferenceTopics.proj]
BuildAssembler : warning : ShowMissingComponent: [M:ModulousMM.TopMostMessageBox.Show(System.String)] Missing &lt;summary&gt; documentation [C:\Users\ALEX\Documents\Visual Studio 2013\Projects\ModulousLib\ModulousLibDocs\Help\Working\BuildReferenceTopics.proj]
BuildAssembler : warning : ShowMissingComponent: [M:ModulousMM.TopMostMessageBox.Show(System.String)] Missing &lt;returns&gt; documentation [C:\Users\ALEX\Documents\Visual Studio 2013\Projects\ModulousLib\ModulousLibDocs\Help\Working\BuildReferenceTopics.proj]
BuildAssembler : warning : ShowMissingComponent: [M:ModulousMM.TopMostMessageBox.Show(System.String)] Missing &lt;param name=&quot;message&quot;/&gt; documentation [C:\Users\ALEX\Documents\Visual Studio 2013\Projects\ModulousLib\ModulousLibDocs\Help\Working\BuildReferenceTopics.proj]
BuildAssembler : warning : ShowMissingComponent: [M:ModulousMM.TopMostMessageBox.Show(System.String,System.String)] Missing &lt;summary&gt; documentation [C:\Users\ALEX\Documents\Visual Studio 2013\Projects\ModulousLib\ModulousLibDocs\Help\Working\BuildReferenceTopics.proj]
BuildAssembler : warning : ShowMissingComponent: [M:ModulousMM.TopMostMessageBox.Show(System.String,System.String)] Missing &lt;returns&gt; documentation [C:\Users\ALEX\Documents\Visual Studio 2013\Projects\ModulousLib\ModulousLibDocs\Help\Working\BuildReferenceTopics.proj]
BuildAssembler : warning : ShowMissingComponent: [M:ModulousMM.TopMostMessageBox.Show(System.String,System.String)] Missing &lt;param name=&quot;message&quot;/&gt; documentation [C:\Users\ALEX\Documents\Visual Studio 2013\Projects\ModulousLib\ModulousLibDocs\Help\Working\BuildReferenceTopics.proj]
BuildAssembler : warning : ShowMissingComponent: [M:ModulousMM.TopMostMessageBox.Show(System.String,System.String)] Missing &lt;param name=&quot;title&quot;/&gt; documentation [C:\Users\ALEX\Documents\Visual Studio 2013\Projects\ModulousLib\ModulousLibDocs\Help\Working\BuildReferenceTopics.proj]
BuildAssembler : warning : ShowMissingComponent: [M:ModulousMM.TopMostMessageBox.Show(System.String,System.String,System.Windows.Forms.MessageBoxButtons)] Missing &lt;summary&gt; documentation [C:\Users\ALEX\Documents\Visual Studio 2013\Projects\ModulousLib\ModulousLibDocs\Help\Working\BuildReferenceTopics.proj]
BuildAssembler : warning : ShowMissingComponent: [M:ModulousMM.TopMostMessageBox.Show(System.String,System.String,System.Windows.Forms.MessageBoxButtons)] Missing &lt;returns&gt; documentation [C:\Users\ALEX\Documents\Visual Studio 2013\Projects\ModulousLib\ModulousLibDocs\Help\Working\BuildReferenceTopics.proj]
BuildAssembler : warning : ShowMissingComponent: [M:ModulousMM.TopMostMessageBox.Show(System.String,System.String,System.Windows.Forms.MessageBoxButtons)] Missing &lt;param name=&quot;message&quot;/&gt; documentation [C:\Users\ALEX\Documents\Visual Studio 2013\Projects\ModulousLib\ModulousLibDocs\Help\Working\BuildReferenceTopics.proj]
BuildAssembler : warning : ShowMissingComponent: [M:ModulousMM.TopMostMessageBox.Show(System.String,System.String,System.Windows.Forms.MessageBoxButtons)] Missing &lt;param name=&quot;title&quot;/&gt; documentation [C:\Users\ALEX\Documents\Visual Studio 2013\Projects\ModulousLib\ModulousLibDocs\Help\Working\BuildReferenceTopics.proj]
BuildAssembler : warning : ShowMissingComponent: [M:ModulousMM.TopMostMessageBox.Show(System.String,System.String,System.Windows.Forms.MessageBoxButtons)] Missing &lt;param name=&quot;buttons&quot;/&gt; documentation [C:\Users\ALEX\Documents\Visual Studio 2013\Projects\ModulousLib\ModulousLibDocs\Help\Working\BuildReferenceTopics.proj]
  Processed 121 topic(s)
  110 warning(s)
  CopyFromIndexComponent: &quot;reflection&quot; in-memory cache entries used: 4 of 15.
  CopyFromIndexComponent: &quot;comments&quot; in-memory cache entries used: 2 of 30.
Done Building Project &quot;C:\Users\ALEX\Documents\Visual Studio 2013\Projects\ModulousLib\ModulousLibDocs\Help\Working\BuildReferenceTopics.proj&quot; (default targets).

Build succeeded.

Time Elapsed 00:00:12.89
    Last step completed in 00:00:13.2101
</buildStep>
<buildStep step="CombiningIntermediateTocFiles">
Combining conceptual and API intermediate TOC files...

Clearing any prior web/markdown output
    Last step completed in 00:00:00.1251
</buildStep>
<buildStep step="ExtractingHtmlInfo">
Extracting HTML info for HTML Help 1 and/or website...
[C:\Windows\Microsoft.NET\Framework64\v4.0.30319\MSBuild.exe]
Sandcastle Help File Builder, version 2015.5.2.0
Copyright c 2006-2015, Eric Woodruff, All Rights Reserved
E-Mail: Eric@EWoodruff.us

Using LCID &#39;1033&#39;, code page &#39;65001&#39;, encoding charset &#39;UTF-8&#39;.

Processing Help 1 files in C:\Users\ALEX\Documents\Visual Studio 2013\Projects\ModulousLib\ModulousLibDocs\Help\Working\Output\HtmlHelp1
Processed 126 HTML files
Sorting keywords and generating See Also indices
Saving HTML Help 1 keyword index to C:\Users\ALEX\Documents\Visual Studio 2013\Projects\ModulousLib\ModulousLibDocs\Help\Working\ModulousLibDocs.hhk
Saving HTML Help 1 table of contents to C:\Users\ALEX\Documents\Visual Studio 2013\Projects\ModulousLib\ModulousLibDocs\Help\Working\ModulousLibDocs.hhc

Processing website files in C:\Users\ALEX\Documents\Visual Studio 2013\Projects\ModulousLib\ModulousLibDocs\Help\Working\Output\Website
Processed 126 HTML files
Sorting keywords and generating See Also indices
Saving website keyword index to C:\Users\ALEX\Documents\Visual Studio 2013\Projects\ModulousLib\ModulousLibDocs\Help\Working\WebKI.xml
Saving website table of contents to C:\Users\ALEX\Documents\Visual Studio 2013\Projects\ModulousLib\ModulousLibDocs\Help\Working\WebTOC.xml
    Last step completed in 00:00:01.2508
</buildStep>
<buildStep step="CopyStandardHelpContent">
Copying standard help content...
C:\Program Files (x86)\EWSoftware\Sandcastle Help File Builder\PresentationStyles\VS2013\icons\AlertCaution.png -&gt; C:\Users\ALEX\Documents\Visual Studio 2013\Projects\ModulousLib\ModulousLibDocs\Help\Working\Output\HtmlHelp1\icons\AlertCaution.png
C:\Program Files (x86)\EWSoftware\Sandcastle Help File Builder\PresentationStyles\VS2013\icons\AlertNote.png -&gt; C:\Users\ALEX\Documents\Visual Studio 2013\Projects\ModulousLib\ModulousLibDocs\Help\Working\Output\HtmlHelp1\icons\AlertNote.png
C:\Program Files (x86)\EWSoftware\Sandcastle Help File Builder\PresentationStyles\VS2013\icons\AlertSecurity.png -&gt; C:\Users\ALEX\Documents\Visual Studio 2013\Projects\ModulousLib\ModulousLibDocs\Help\Working\Output\HtmlHelp1\icons\AlertSecurity.png
C:\Program Files (x86)\EWSoftware\Sandcastle Help File Builder\PresentationStyles\VS2013\icons\CFW.gif -&gt; C:\Users\ALEX\Documents\Visual Studio 2013\Projects\ModulousLib\ModulousLibDocs\Help\Working\Output\HtmlHelp1\icons\CFW.gif
C:\Program Files (x86)\EWSoftware\Sandcastle Help File Builder\PresentationStyles\VS2013\icons\CodeExample.png -&gt; C:\Users\ALEX\Documents\Visual Studio 2013\Projects\ModulousLib\ModulousLibDocs\Help\Working\Output\HtmlHelp1\icons\CodeExample.png
C:\Program Files (x86)\EWSoftware\Sandcastle Help File Builder\PresentationStyles\VS2013\icons\favicon.ico -&gt; C:\Users\ALEX\Documents\Visual Studio 2013\Projects\ModulousLib\ModulousLibDocs\Help\Working\Output\HtmlHelp1\icons\favicon.ico
C:\Program Files (x86)\EWSoftware\Sandcastle Help File Builder\PresentationStyles\VS2013\icons\privclass.gif -&gt; C:\Users\ALEX\Documents\Visual Studio 2013\Projects\ModulousLib\ModulousLibDocs\Help\Working\Output\HtmlHelp1\icons\privclass.gif
C:\Program Files (x86)\EWSoftware\Sandcastle Help File Builder\PresentationStyles\VS2013\icons\privdelegate.gif -&gt; C:\Users\ALEX\Documents\Visual Studio 2013\Projects\ModulousLib\ModulousLibDocs\Help\Working\Output\HtmlHelp1\icons\privdelegate.gif
C:\Program Files (x86)\EWSoftware\Sandcastle Help File Builder\PresentationStyles\VS2013\icons\privenumeration.gif -&gt; C:\Users\ALEX\Documents\Visual Studio 2013\Projects\ModulousLib\ModulousLibDocs\Help\Working\Output\HtmlHelp1\icons\privenumeration.gif
C:\Program Files (x86)\EWSoftware\Sandcastle Help File Builder\PresentationStyles\VS2013\icons\privevent.gif -&gt; C:\Users\ALEX\Documents\Visual Studio 2013\Projects\ModulousLib\ModulousLibDocs\Help\Working\Output\HtmlHelp1\icons\privevent.gif
C:\Program Files (x86)\EWSoftware\Sandcastle Help File Builder\PresentationStyles\VS2013\icons\privextension.gif -&gt; C:\Users\ALEX\Documents\Visual Studio 2013\Projects\ModulousLib\ModulousLibDocs\Help\Working\Output\HtmlHelp1\icons\privextension.gif
C:\Program Files (x86)\EWSoftware\Sandcastle Help File Builder\PresentationStyles\VS2013\icons\privfield.gif -&gt; C:\Users\ALEX\Documents\Visual Studio 2013\Projects\ModulousLib\ModulousLibDocs\Help\Working\Output\HtmlHelp1\icons\privfield.gif
C:\Program Files (x86)\EWSoftware\Sandcastle Help File Builder\PresentationStyles\VS2013\icons\privinterface.gif -&gt; C:\Users\ALEX\Documents\Visual Studio 2013\Projects\ModulousLib\ModulousLibDocs\Help\Working\Output\HtmlHelp1\icons\privinterface.gif
C:\Program Files (x86)\EWSoftware\Sandcastle Help File Builder\PresentationStyles\VS2013\icons\privmethod.gif -&gt; C:\Users\ALEX\Documents\Visual Studio 2013\Projects\ModulousLib\ModulousLibDocs\Help\Working\Output\HtmlHelp1\icons\privmethod.gif
C:\Program Files (x86)\EWSoftware\Sandcastle Help File Builder\PresentationStyles\VS2013\icons\privproperty.gif -&gt; C:\Users\ALEX\Documents\Visual Studio 2013\Projects\ModulousLib\ModulousLibDocs\Help\Working\Output\HtmlHelp1\icons\privproperty.gif
C:\Program Files (x86)\EWSoftware\Sandcastle Help File Builder\PresentationStyles\VS2013\icons\privstructure.gif -&gt; C:\Users\ALEX\Documents\Visual Studio 2013\Projects\ModulousLib\ModulousLibDocs\Help\Working\Output\HtmlHelp1\icons\privstructure.gif
C:\Program Files (x86)\EWSoftware\Sandcastle Help File Builder\PresentationStyles\VS2013\icons\protclass.gif -&gt; C:\Users\ALEX\Documents\Visual Studio 2013\Projects\ModulousLib\ModulousLibDocs\Help\Working\Output\HtmlHelp1\icons\protclass.gif
C:\Program Files (x86)\EWSoftware\Sandcastle Help File Builder\PresentationStyles\VS2013\icons\protdelegate.gif -&gt; C:\Users\ALEX\Documents\Visual Studio 2013\Projects\ModulousLib\ModulousLibDocs\Help\Working\Output\HtmlHelp1\icons\protdelegate.gif
C:\Program Files (x86)\EWSoftware\Sandcastle Help File Builder\PresentationStyles\VS2013\icons\protenumeration.gif -&gt; C:\Users\ALEX\Documents\Visual Studio 2013\Projects\ModulousLib\ModulousLibDocs\Help\Working\Output\HtmlHelp1\icons\protenumeration.gif
C:\Program Files (x86)\EWSoftware\Sandcastle Help File Builder\PresentationStyles\VS2013\icons\protevent.gif -&gt; C:\Users\ALEX\Documents\Visual Studio 2013\Projects\ModulousLib\ModulousLibDocs\Help\Working\Output\HtmlHelp1\icons\protevent.gif
C:\Program Files (x86)\EWSoftware\Sandcastle Help File Builder\PresentationStyles\VS2013\icons\protextension.gif -&gt; C:\Users\ALEX\Documents\Visual Studio 2013\Projects\ModulousLib\ModulousLibDocs\Help\Working\Output\HtmlHelp1\icons\protextension.gif
C:\Program Files (x86)\EWSoftware\Sandcastle Help File Builder\PresentationStyles\VS2013\icons\protfield.gif -&gt; C:\Users\ALEX\Documents\Visual Studio 2013\Projects\ModulousLib\ModulousLibDocs\Help\Working\Output\HtmlHelp1\icons\protfield.gif
C:\Program Files (x86)\EWSoftware\Sandcastle Help File Builder\PresentationStyles\VS2013\icons\protinterface.gif -&gt; C:\Users\ALEX\Documents\Visual Studio 2013\Projects\ModulousLib\ModulousLibDocs\Help\Working\Output\HtmlHelp1\icons\protinterface.gif
C:\Program Files (x86)\EWSoftware\Sandcastle Help File Builder\PresentationStyles\VS2013\icons\protmethod.gif -&gt; C:\Users\ALEX\Documents\Visual Studio 2013\Projects\ModulousLib\ModulousLibDocs\Help\Working\Output\HtmlHelp1\icons\protmethod.gif
C:\Program Files (x86)\EWSoftware\Sandcastle Help File Builder\PresentationStyles\VS2013\icons\protoperator.gif -&gt; C:\Users\ALEX\Documents\Visual Studio 2013\Projects\ModulousLib\ModulousLibDocs\Help\Working\Output\HtmlHelp1\icons\protoperator.gif
C:\Program Files (x86)\EWSoftware\Sandcastle Help File Builder\PresentationStyles\VS2013\icons\protproperty.gif -&gt; C:\Users\ALEX\Documents\Visual Studio 2013\Projects\ModulousLib\ModulousLibDocs\Help\Working\Output\HtmlHelp1\icons\protproperty.gif
C:\Program Files (x86)\EWSoftware\Sandcastle Help File Builder\PresentationStyles\VS2013\icons\protstructure.gif -&gt; C:\Users\ALEX\Documents\Visual Studio 2013\Projects\ModulousLib\ModulousLibDocs\Help\Working\Output\HtmlHelp1\icons\protstructure.gif
C:\Program Files (x86)\EWSoftware\Sandcastle Help File Builder\PresentationStyles\VS2013\icons\pubclass.gif -&gt; C:\Users\ALEX\Documents\Visual Studio 2013\Projects\ModulousLib\ModulousLibDocs\Help\Working\Output\HtmlHelp1\icons\pubclass.gif
C:\Program Files (x86)\EWSoftware\Sandcastle Help File Builder\PresentationStyles\VS2013\icons\pubdelegate.gif -&gt; C:\Users\ALEX\Documents\Visual Studio 2013\Projects\ModulousLib\ModulousLibDocs\Help\Working\Output\HtmlHelp1\icons\pubdelegate.gif
C:\Program Files (x86)\EWSoftware\Sandcastle Help File Builder\PresentationStyles\VS2013\icons\pubenumeration.gif -&gt; C:\Users\ALEX\Documents\Visual Studio 2013\Projects\ModulousLib\ModulousLibDocs\Help\Working\Output\HtmlHelp1\icons\pubenumeration.gif
C:\Program Files (x86)\EWSoftware\Sandcastle Help File Builder\PresentationStyles\VS2013\icons\pubevent.gif -&gt; C:\Users\ALEX\Documents\Visual Studio 2013\Projects\ModulousLib\ModulousLibDocs\Help\Working\Output\HtmlHelp1\icons\pubevent.gif
C:\Program Files (x86)\EWSoftware\Sandcastle Help File Builder\PresentationStyles\VS2013\icons\pubextension.gif -&gt; C:\Users\ALEX\Documents\Visual Studio 2013\Projects\ModulousLib\ModulousLibDocs\Help\Working\Output\HtmlHelp1\icons\pubextension.gif
C:\Program Files (x86)\EWSoftware\Sandcastle Help File Builder\PresentationStyles\VS2013\icons\pubfield.gif -&gt; C:\Users\ALEX\Documents\Visual Studio 2013\Projects\ModulousLib\ModulousLibDocs\Help\Working\Output\HtmlHelp1\icons\pubfield.gif
C:\Program Files (x86)\EWSoftware\Sandcastle Help File Builder\PresentationStyles\VS2013\icons\pubinterface.gif -&gt; C:\Users\ALEX\Documents\Visual Studio 2013\Projects\ModulousLib\ModulousLibDocs\Help\Working\Output\HtmlHelp1\icons\pubinterface.gif
C:\Program Files (x86)\EWSoftware\Sandcastle Help File Builder\PresentationStyles\VS2013\icons\pubmethod.gif -&gt; C:\Users\ALEX\Documents\Visual Studio 2013\Projects\ModulousLib\ModulousLibDocs\Help\Working\Output\HtmlHelp1\icons\pubmethod.gif
C:\Program Files (x86)\EWSoftware\Sandcastle Help File Builder\PresentationStyles\VS2013\icons\puboperator.gif -&gt; C:\Users\ALEX\Documents\Visual Studio 2013\Projects\ModulousLib\ModulousLibDocs\Help\Working\Output\HtmlHelp1\icons\puboperator.gif
C:\Program Files (x86)\EWSoftware\Sandcastle Help File Builder\PresentationStyles\VS2013\icons\pubproperty.gif -&gt; C:\Users\ALEX\Documents\Visual Studio 2013\Projects\ModulousLib\ModulousLibDocs\Help\Working\Output\HtmlHelp1\icons\pubproperty.gif
C:\Program Files (x86)\EWSoftware\Sandcastle Help File Builder\PresentationStyles\VS2013\icons\pubstructure.gif -&gt; C:\Users\ALEX\Documents\Visual Studio 2013\Projects\ModulousLib\ModulousLibDocs\Help\Working\Output\HtmlHelp1\icons\pubstructure.gif
C:\Program Files (x86)\EWSoftware\Sandcastle Help File Builder\PresentationStyles\VS2013\icons\SectionCollapsed.png -&gt; C:\Users\ALEX\Documents\Visual Studio 2013\Projects\ModulousLib\ModulousLibDocs\Help\Working\Output\HtmlHelp1\icons\SectionCollapsed.png
C:\Program Files (x86)\EWSoftware\Sandcastle Help File Builder\PresentationStyles\VS2013\icons\SectionExpanded.png -&gt; C:\Users\ALEX\Documents\Visual Studio 2013\Projects\ModulousLib\ModulousLibDocs\Help\Working\Output\HtmlHelp1\icons\SectionExpanded.png
C:\Program Files (x86)\EWSoftware\Sandcastle Help File Builder\PresentationStyles\VS2013\icons\slMobile.gif -&gt; C:\Users\ALEX\Documents\Visual Studio 2013\Projects\ModulousLib\ModulousLibDocs\Help\Working\Output\HtmlHelp1\icons\slMobile.gif
C:\Program Files (x86)\EWSoftware\Sandcastle Help File Builder\PresentationStyles\VS2013\icons\static.gif -&gt; C:\Users\ALEX\Documents\Visual Studio 2013\Projects\ModulousLib\ModulousLibDocs\Help\Working\Output\HtmlHelp1\icons\static.gif
C:\Program Files (x86)\EWSoftware\Sandcastle Help File Builder\PresentationStyles\VS2013\icons\xna.gif -&gt; C:\Users\ALEX\Documents\Visual Studio 2013\Projects\ModulousLib\ModulousLibDocs\Help\Working\Output\HtmlHelp1\icons\xna.gif
C:\Program Files (x86)\EWSoftware\Sandcastle Help File Builder\PresentationStyles\VS2013\scripts\branding.js -&gt; C:\Users\ALEX\Documents\Visual Studio 2013\Projects\ModulousLib\ModulousLibDocs\Help\Working\Output\HtmlHelp1\scripts\branding.js
C:\Program Files (x86)\EWSoftware\Sandcastle Help File Builder\PresentationStyles\VS2013\styles\branding-cs-CZ.css -&gt; C:\Users\ALEX\Documents\Visual Studio 2013\Projects\ModulousLib\ModulousLibDocs\Help\Working\Output\HtmlHelp1\styles\branding-cs-CZ.css
C:\Program Files (x86)\EWSoftware\Sandcastle Help File Builder\PresentationStyles\VS2013\styles\branding-de-DE.css -&gt; C:\Users\ALEX\Documents\Visual Studio 2013\Projects\ModulousLib\ModulousLibDocs\Help\Working\Output\HtmlHelp1\styles\branding-de-DE.css
C:\Program Files (x86)\EWSoftware\Sandcastle Help File Builder\PresentationStyles\VS2013\styles\branding-en-US.css -&gt; C:\Users\ALEX\Documents\Visual Studio 2013\Projects\ModulousLib\ModulousLibDocs\Help\Working\Output\HtmlHelp1\styles\branding-en-US.css
C:\Program Files (x86)\EWSoftware\Sandcastle Help File Builder\PresentationStyles\VS2013\styles\branding-es-ES.css -&gt; C:\Users\ALEX\Documents\Visual Studio 2013\Projects\ModulousLib\ModulousLibDocs\Help\Working\Output\HtmlHelp1\styles\branding-es-ES.css
C:\Program Files (x86)\EWSoftware\Sandcastle Help File Builder\PresentationStyles\VS2013\styles\branding-fr-FR.css -&gt; C:\Users\ALEX\Documents\Visual Studio 2013\Projects\ModulousLib\ModulousLibDocs\Help\Working\Output\HtmlHelp1\styles\branding-fr-FR.css
C:\Program Files (x86)\EWSoftware\Sandcastle Help File Builder\PresentationStyles\VS2013\styles\branding-Help1.css -&gt; C:\Users\ALEX\Documents\Visual Studio 2013\Projects\ModulousLib\ModulousLibDocs\Help\Working\Output\HtmlHelp1\styles\branding-Help1.css
C:\Program Files (x86)\EWSoftware\Sandcastle Help File Builder\PresentationStyles\VS2013\styles\branding-Help2.css -&gt; C:\Users\ALEX\Documents\Visual Studio 2013\Projects\ModulousLib\ModulousLibDocs\Help\Working\Output\HtmlHelp1\styles\branding-Help2.css
C:\Program Files (x86)\EWSoftware\Sandcastle Help File Builder\PresentationStyles\VS2013\styles\branding-HelpViewer.css -&gt; C:\Users\ALEX\Documents\Visual Studio 2013\Projects\ModulousLib\ModulousLibDocs\Help\Working\Output\HtmlHelp1\styles\branding-HelpViewer.css
C:\Program Files (x86)\EWSoftware\Sandcastle Help File Builder\PresentationStyles\VS2013\styles\branding-it-IT.css -&gt; C:\Users\ALEX\Documents\Visual Studio 2013\Projects\ModulousLib\ModulousLibDocs\Help\Working\Output\HtmlHelp1\styles\branding-it-IT.css
C:\Program Files (x86)\EWSoftware\Sandcastle Help File Builder\PresentationStyles\VS2013\styles\branding-ja-JP.css -&gt; C:\Users\ALEX\Documents\Visual Studio 2013\Projects\ModulousLib\ModulousLibDocs\Help\Working\Output\HtmlHelp1\styles\branding-ja-JP.css
C:\Program Files (x86)\EWSoftware\Sandcastle Help File Builder\PresentationStyles\VS2013\styles\branding-ko-KR.css -&gt; C:\Users\ALEX\Documents\Visual Studio 2013\Projects\ModulousLib\ModulousLibDocs\Help\Working\Output\HtmlHelp1\styles\branding-ko-KR.css
C:\Program Files (x86)\EWSoftware\Sandcastle Help File Builder\PresentationStyles\VS2013\styles\branding-pl-PL.css -&gt; C:\Users\ALEX\Documents\Visual Studio 2013\Projects\ModulousLib\ModulousLibDocs\Help\Working\Output\HtmlHelp1\styles\branding-pl-PL.css
C:\Program Files (x86)\EWSoftware\Sandcastle Help File Builder\PresentationStyles\VS2013\styles\branding-pt-BR.css -&gt; C:\Users\ALEX\Documents\Visual Studio 2013\Projects\ModulousLib\ModulousLibDocs\Help\Working\Output\HtmlHelp1\styles\branding-pt-BR.css
C:\Program Files (x86)\EWSoftware\Sandcastle Help File Builder\PresentationStyles\VS2013\styles\branding-ru-RU.css -&gt; C:\Users\ALEX\Documents\Visual Studio 2013\Projects\ModulousLib\ModulousLibDocs\Help\Working\Output\HtmlHelp1\styles\branding-ru-RU.css
C:\Program Files (x86)\EWSoftware\Sandcastle Help File Builder\PresentationStyles\VS2013\styles\branding-tr-TR.css -&gt; C:\Users\ALEX\Documents\Visual Studio 2013\Projects\ModulousLib\ModulousLibDocs\Help\Working\Output\HtmlHelp1\styles\branding-tr-TR.css
C:\Program Files (x86)\EWSoftware\Sandcastle Help File Builder\PresentationStyles\VS2013\styles\branding-Website.css -&gt; C:\Users\ALEX\Documents\Visual Studio 2013\Projects\ModulousLib\ModulousLibDocs\Help\Working\Output\HtmlHelp1\styles\branding-Website.css
C:\Program Files (x86)\EWSoftware\Sandcastle Help File Builder\PresentationStyles\VS2013\styles\branding-zh-CN.css -&gt; C:\Users\ALEX\Documents\Visual Studio 2013\Projects\ModulousLib\ModulousLibDocs\Help\Working\Output\HtmlHelp1\styles\branding-zh-CN.css
C:\Program Files (x86)\EWSoftware\Sandcastle Help File Builder\PresentationStyles\VS2013\styles\branding-zh-TW.css -&gt; C:\Users\ALEX\Documents\Visual Studio 2013\Projects\ModulousLib\ModulousLibDocs\Help\Working\Output\HtmlHelp1\styles\branding-zh-TW.css
C:\Program Files (x86)\EWSoftware\Sandcastle Help File Builder\PresentationStyles\VS2013\styles\branding.css -&gt; C:\Users\ALEX\Documents\Visual Studio 2013\Projects\ModulousLib\ModulousLibDocs\Help\Working\Output\HtmlHelp1\styles\branding.css
C:\Program Files (x86)\EWSoftware\Sandcastle Help File Builder\PresentationStyles\VS2013\icons\AlertCaution.png -&gt; C:\Users\ALEX\Documents\Visual Studio 2013\Projects\ModulousLib\ModulousLibDocs\Help\Working\Output\Website\icons\AlertCaution.png
C:\Program Files (x86)\EWSoftware\Sandcastle Help File Builder\PresentationStyles\VS2013\icons\AlertNote.png -&gt; C:\Users\ALEX\Documents\Visual Studio 2013\Projects\ModulousLib\ModulousLibDocs\Help\Working\Output\Website\icons\AlertNote.png
C:\Program Files (x86)\EWSoftware\Sandcastle Help File Builder\PresentationStyles\VS2013\icons\AlertSecurity.png -&gt; C:\Users\ALEX\Documents\Visual Studio 2013\Projects\ModulousLib\ModulousLibDocs\Help\Working\Output\Website\icons\AlertSecurity.png
C:\Program Files (x86)\EWSoftware\Sandcastle Help File Builder\PresentationStyles\VS2013\icons\CFW.gif -&gt; C:\Users\ALEX\Documents\Visual Studio 2013\Projects\ModulousLib\ModulousLibDocs\Help\Working\Output\Website\icons\CFW.gif
C:\Program Files (x86)\EWSoftware\Sandcastle Help File Builder\PresentationStyles\VS2013\icons\CodeExample.png -&gt; C:\Users\ALEX\Documents\Visual Studio 2013\Projects\ModulousLib\ModulousLibDocs\Help\Working\Output\Website\icons\CodeExample.png
C:\Program Files (x86)\EWSoftware\Sandcastle Help File Builder\PresentationStyles\VS2013\icons\favicon.ico -&gt; C:\Users\ALEX\Documents\Visual Studio 2013\Projects\ModulousLib\ModulousLibDocs\Help\Working\Output\Website\icons\favicon.ico
C:\Program Files (x86)\EWSoftware\Sandcastle Help File Builder\PresentationStyles\VS2013\icons\privclass.gif -&gt; C:\Users\ALEX\Documents\Visual Studio 2013\Projects\ModulousLib\ModulousLibDocs\Help\Working\Output\Website\icons\privclass.gif
C:\Program Files (x86)\EWSoftware\Sandcastle Help File Builder\PresentationStyles\VS2013\icons\privdelegate.gif -&gt; C:\Users\ALEX\Documents\Visual Studio 2013\Projects\ModulousLib\ModulousLibDocs\Help\Working\Output\Website\icons\privdelegate.gif
C:\Program Files (x86)\EWSoftware\Sandcastle Help File Builder\PresentationStyles\VS2013\icons\privenumeration.gif -&gt; C:\Users\ALEX\Documents\Visual Studio 2013\Projects\ModulousLib\ModulousLibDocs\Help\Working\Output\Website\icons\privenumeration.gif
C:\Program Files (x86)\EWSoftware\Sandcastle Help File Builder\PresentationStyles\VS2013\icons\privevent.gif -&gt; C:\Users\ALEX\Documents\Visual Studio 2013\Projects\ModulousLib\ModulousLibDocs\Help\Working\Output\Website\icons\privevent.gif
C:\Program Files (x86)\EWSoftware\Sandcastle Help File Builder\PresentationStyles\VS2013\icons\privextension.gif -&gt; C:\Users\ALEX\Documents\Visual Studio 2013\Projects\ModulousLib\ModulousLibDocs\Help\Working\Output\Website\icons\privextension.gif
C:\Program Files (x86)\EWSoftware\Sandcastle Help File Builder\PresentationStyles\VS2013\icons\privfield.gif -&gt; C:\Users\ALEX\Documents\Visual Studio 2013\Projects\ModulousLib\ModulousLibDocs\Help\Working\Output\Website\icons\privfield.gif
C:\Program Files (x86)\EWSoftware\Sandcastle Help File Builder\PresentationStyles\VS2013\icons\privinterface.gif -&gt; C:\Users\ALEX\Documents\Visual Studio 2013\Projects\ModulousLib\ModulousLibDocs\Help\Working\Output\Website\icons\privinterface.gif
C:\Program Files (x86)\EWSoftware\Sandcastle Help File Builder\PresentationStyles\VS2013\icons\privmethod.gif -&gt; C:\Users\ALEX\Documents\Visual Studio 2013\Projects\ModulousLib\ModulousLibDocs\Help\Working\Output\Website\icons\privmethod.gif
C:\Program Files (x86)\EWSoftware\Sandcastle Help File Builder\PresentationStyles\VS2013\icons\privproperty.gif -&gt; C:\Users\ALEX\Documents\Visual Studio 2013\Projects\ModulousLib\ModulousLibDocs\Help\Working\Output\Website\icons\privproperty.gif
C:\Program Files (x86)\EWSoftware\Sandcastle Help File Builder\PresentationStyles\VS2013\icons\privstructure.gif -&gt; C:\Users\ALEX\Documents\Visual Studio 2013\Projects\ModulousLib\ModulousLibDocs\Help\Working\Output\Website\icons\privstructure.gif
C:\Program Files (x86)\EWSoftware\Sandcastle Help File Builder\PresentationStyles\VS2013\icons\protclass.gif -&gt; C:\Users\ALEX\Documents\Visual Studio 2013\Projects\ModulousLib\ModulousLibDocs\Help\Working\Output\Website\icons\protclass.gif
C:\Program Files (x86)\EWSoftware\Sandcastle Help File Builder\PresentationStyles\VS2013\icons\protdelegate.gif -&gt; C:\Users\ALEX\Documents\Visual Studio 2013\Projects\ModulousLib\ModulousLibDocs\Help\Working\Output\Website\icons\protdelegate.gif
C:\Program Files (x86)\EWSoftware\Sandcastle Help File Builder\PresentationStyles\VS2013\icons\protenumeration.gif -&gt; C:\Users\ALEX\Documents\Visual Studio 2013\Projects\ModulousLib\ModulousLibDocs\Help\Working\Output\Website\icons\protenumeration.gif
C:\Program Files (x86)\EWSoftware\Sandcastle Help File Builder\PresentationStyles\VS2013\icons\protevent.gif -&gt; C:\Users\ALEX\Documents\Visual Studio 2013\Projects\ModulousLib\ModulousLibDocs\Help\Working\Output\Website\icons\protevent.gif
C:\Program Files (x86)\EWSoftware\Sandcastle Help File Builder\PresentationStyles\VS2013\icons\protextension.gif -&gt; C:\Users\ALEX\Documents\Visual Studio 2013\Projects\ModulousLib\ModulousLibDocs\Help\Working\Output\Website\icons\protextension.gif
C:\Program Files (x86)\EWSoftware\Sandcastle Help File Builder\PresentationStyles\VS2013\icons\protfield.gif -&gt; C:\Users\ALEX\Documents\Visual Studio 2013\Projects\ModulousLib\ModulousLibDocs\Help\Working\Output\Website\icons\protfield.gif
C:\Program Files (x86)\EWSoftware\Sandcastle Help File Builder\PresentationStyles\VS2013\icons\protinterface.gif -&gt; C:\Users\ALEX\Documents\Visual Studio 2013\Projects\ModulousLib\ModulousLibDocs\Help\Working\Output\Website\icons\protinterface.gif
C:\Program Files (x86)\EWSoftware\Sandcastle Help File Builder\PresentationStyles\VS2013\icons\protmethod.gif -&gt; C:\Users\ALEX\Documents\Visual Studio 2013\Projects\ModulousLib\ModulousLibDocs\Help\Working\Output\Website\icons\protmethod.gif
C:\Program Files (x86)\EWSoftware\Sandcastle Help File Builder\PresentationStyles\VS2013\icons\protoperator.gif -&gt; C:\Users\ALEX\Documents\Visual Studio 2013\Projects\ModulousLib\ModulousLibDocs\Help\Working\Output\Website\icons\protoperator.gif
C:\Program Files (x86)\EWSoftware\Sandcastle Help File Builder\PresentationStyles\VS2013\icons\protproperty.gif -&gt; C:\Users\ALEX\Documents\Visual Studio 2013\Projects\ModulousLib\ModulousLibDocs\Help\Working\Output\Website\icons\protproperty.gif
C:\Program Files (x86)\EWSoftware\Sandcastle Help File Builder\PresentationStyles\VS2013\icons\protstructure.gif -&gt; C:\Users\ALEX\Documents\Visual Studio 2013\Projects\ModulousLib\ModulousLibDocs\Help\Working\Output\Website\icons\protstructure.gif
C:\Program Files (x86)\EWSoftware\Sandcastle Help File Builder\PresentationStyles\VS2013\icons\pubclass.gif -&gt; C:\Users\ALEX\Documents\Visual Studio 2013\Projects\ModulousLib\ModulousLibDocs\Help\Working\Output\Website\icons\pubclass.gif
C:\Program Files (x86)\EWSoftware\Sandcastle Help File Builder\PresentationStyles\VS2013\icons\pubdelegate.gif -&gt; C:\Users\ALEX\Documents\Visual Studio 2013\Projects\ModulousLib\ModulousLibDocs\Help\Working\Output\Website\icons\pubdelegate.gif
C:\Program Files (x86)\EWSoftware\Sandcastle Help File Builder\PresentationStyles\VS2013\icons\pubenumeration.gif -&gt; C:\Users\ALEX\Documents\Visual Studio 2013\Projects\ModulousLib\ModulousLibDocs\Help\Working\Output\Website\icons\pubenumeration.gif
C:\Program Files (x86)\EWSoftware\Sandcastle Help File Builder\PresentationStyles\VS2013\icons\pubevent.gif -&gt; C:\Users\ALEX\Documents\Visual Studio 2013\Projects\ModulousLib\ModulousLibDocs\Help\Working\Output\Website\icons\pubevent.gif
C:\Program Files (x86)\EWSoftware\Sandcastle Help File Builder\PresentationStyles\VS2013\icons\pubextension.gif -&gt; C:\Users\ALEX\Documents\Visual Studio 2013\Projects\ModulousLib\ModulousLibDocs\Help\Working\Output\Website\icons\pubextension.gif
C:\Program Files (x86)\EWSoftware\Sandcastle Help File Builder\PresentationStyles\VS2013\icons\pubfield.gif -&gt; C:\Users\ALEX\Documents\Visual Studio 2013\Projects\ModulousLib\ModulousLibDocs\Help\Working\Output\Website\icons\pubfield.gif
C:\Program Files (x86)\EWSoftware\Sandcastle Help File Builder\PresentationStyles\VS2013\icons\pubinterface.gif -&gt; C:\Users\ALEX\Documents\Visual Studio 2013\Projects\ModulousLib\ModulousLibDocs\Help\Working\Output\Website\icons\pubinterface.gif
C:\Program Files (x86)\EWSoftware\Sandcastle Help File Builder\PresentationStyles\VS2013\icons\pubmethod.gif -&gt; C:\Users\ALEX\Documents\Visual Studio 2013\Projects\ModulousLib\ModulousLibDocs\Help\Working\Output\Website\icons\pubmethod.gif
C:\Program Files (x86)\EWSoftware\Sandcastle Help File Builder\PresentationStyles\VS2013\icons\puboperator.gif -&gt; C:\Users\ALEX\Documents\Visual Studio 2013\Projects\ModulousLib\ModulousLibDocs\Help\Working\Output\Website\icons\puboperator.gif
C:\Program Files (x86)\EWSoftware\Sandcastle Help File Builder\PresentationStyles\VS2013\icons\pubproperty.gif -&gt; C:\Users\ALEX\Documents\Visual Studio 2013\Projects\ModulousLib\ModulousLibDocs\Help\Working\Output\Website\icons\pubproperty.gif
C:\Program Files (x86)\EWSoftware\Sandcastle Help File Builder\PresentationStyles\VS2013\icons\pubstructure.gif -&gt; C:\Users\ALEX\Documents\Visual Studio 2013\Projects\ModulousLib\ModulousLibDocs\Help\Working\Output\Website\icons\pubstructure.gif
C:\Program Files (x86)\EWSoftware\Sandcastle Help File Builder\PresentationStyles\VS2013\icons\SectionCollapsed.png -&gt; C:\Users\ALEX\Documents\Visual Studio 2013\Projects\ModulousLib\ModulousLibDocs\Help\Working\Output\Website\icons\SectionCollapsed.png
C:\Program Files (x86)\EWSoftware\Sandcastle Help File Builder\PresentationStyles\VS2013\icons\SectionExpanded.png -&gt; C:\Users\ALEX\Documents\Visual Studio 2013\Projects\ModulousLib\ModulousLibDocs\Help\Working\Output\Website\icons\SectionExpanded.png
C:\Program Files (x86)\EWSoftware\Sandcastle Help File Builder\PresentationStyles\VS2013\icons\slMobile.gif -&gt; C:\Users\ALEX\Documents\Visual Studio 2013\Projects\ModulousLib\ModulousLibDocs\Help\Working\Output\Website\icons\slMobile.gif
C:\Program Files (x86)\EWSoftware\Sandcastle Help File Builder\PresentationStyles\VS2013\icons\static.gif -&gt; C:\Users\ALEX\Documents\Visual Studio 2013\Projects\ModulousLib\ModulousLibDocs\Help\Working\Output\Website\icons\static.gif
C:\Program Files (x86)\EWSoftware\Sandcastle Help File Builder\PresentationStyles\VS2013\icons\xna.gif -&gt; C:\Users\ALEX\Documents\Visual Studio 2013\Projects\ModulousLib\ModulousLibDocs\Help\Working\Output\Website\icons\xna.gif
C:\Program Files (x86)\EWSoftware\Sandcastle Help File Builder\PresentationStyles\VS2013\scripts\branding.js -&gt; C:\Users\ALEX\Documents\Visual Studio 2013\Projects\ModulousLib\ModulousLibDocs\Help\Working\Output\Website\scripts\branding.js
C:\Program Files (x86)\EWSoftware\Sandcastle Help File Builder\PresentationStyles\VS2013\styles\branding-cs-CZ.css -&gt; C:\Users\ALEX\Documents\Visual Studio 2013\Projects\ModulousLib\ModulousLibDocs\Help\Working\Output\Website\styles\branding-cs-CZ.css
C:\Program Files (x86)\EWSoftware\Sandcastle Help File Builder\PresentationStyles\VS2013\styles\branding-de-DE.css -&gt; C:\Users\ALEX\Documents\Visual Studio 2013\Projects\ModulousLib\ModulousLibDocs\Help\Working\Output\Website\styles\branding-de-DE.css
C:\Program Files (x86)\EWSoftware\Sandcastle Help File Builder\PresentationStyles\VS2013\styles\branding-en-US.css -&gt; C:\Users\ALEX\Documents\Visual Studio 2013\Projects\ModulousLib\ModulousLibDocs\Help\Working\Output\Website\styles\branding-en-US.css
C:\Program Files (x86)\EWSoftware\Sandcastle Help File Builder\PresentationStyles\VS2013\styles\branding-es-ES.css -&gt; C:\Users\ALEX\Documents\Visual Studio 2013\Projects\ModulousLib\ModulousLibDocs\Help\Working\Output\Website\styles\branding-es-ES.css
C:\Program Files (x86)\EWSoftware\Sandcastle Help File Builder\PresentationStyles\VS2013\styles\branding-fr-FR.css -&gt; C:\Users\ALEX\Documents\Visual Studio 2013\Projects\ModulousLib\ModulousLibDocs\Help\Working\Output\Website\styles\branding-fr-FR.css
C:\Program Files (x86)\EWSoftware\Sandcastle Help File Builder\PresentationStyles\VS2013\styles\branding-Help1.css -&gt; C:\Users\ALEX\Documents\Visual Studio 2013\Projects\ModulousLib\ModulousLibDocs\Help\Working\Output\Website\styles\branding-Help1.css
C:\Program Files (x86)\EWSoftware\Sandcastle Help File Builder\PresentationStyles\VS2013\styles\branding-Help2.css -&gt; C:\Users\ALEX\Documents\Visual Studio 2013\Projects\ModulousLib\ModulousLibDocs\Help\Working\Output\Website\styles\branding-Help2.css
C:\Program Files (x86)\EWSoftware\Sandcastle Help File Builder\PresentationStyles\VS2013\styles\branding-HelpViewer.css -&gt; C:\Users\ALEX\Documents\Visual Studio 2013\Projects\ModulousLib\ModulousLibDocs\Help\Working\Output\Website\styles\branding-HelpViewer.css
C:\Program Files (x86)\EWSoftware\Sandcastle Help File Builder\PresentationStyles\VS2013\styles\branding-it-IT.css -&gt; C:\Users\ALEX\Documents\Visual Studio 2013\Projects\ModulousLib\ModulousLibDocs\Help\Working\Output\Website\styles\branding-it-IT.css
C:\Program Files (x86)\EWSoftware\Sandcastle Help File Builder\PresentationStyles\VS2013\styles\branding-ja-JP.css -&gt; C:\Users\ALEX\Documents\Visual Studio 2013\Projects\ModulousLib\ModulousLibDocs\Help\Working\Output\Website\styles\branding-ja-JP.css
C:\Program Files (x86)\EWSoftware\Sandcastle Help File Builder\PresentationStyles\VS2013\styles\branding-ko-KR.css -&gt; C:\Users\ALEX\Documents\Visual Studio 2013\Projects\ModulousLib\ModulousLibDocs\Help\Working\Output\Website\styles\branding-ko-KR.css
C:\Program Files (x86)\EWSoftware\Sandcastle Help File Builder\PresentationStyles\VS2013\styles\branding-pl-PL.css -&gt; C:\Users\ALEX\Documents\Visual Studio 2013\Projects\ModulousLib\ModulousLibDocs\Help\Working\Output\Website\styles\branding-pl-PL.css
C:\Program Files (x86)\EWSoftware\Sandcastle Help File Builder\PresentationStyles\VS2013\styles\branding-pt-BR.css -&gt; C:\Users\ALEX\Documents\Visual Studio 2013\Projects\ModulousLib\ModulousLibDocs\Help\Working\Output\Website\styles\branding-pt-BR.css
C:\Program Files (x86)\EWSoftware\Sandcastle Help File Builder\PresentationStyles\VS2013\styles\branding-ru-RU.css -&gt; C:\Users\ALEX\Documents\Visual Studio 2013\Projects\ModulousLib\ModulousLibDocs\Help\Working\Output\Website\styles\branding-ru-RU.css
C:\Program Files (x86)\EWSoftware\Sandcastle Help File Builder\PresentationStyles\VS2013\styles\branding-tr-TR.css -&gt; C:\Users\ALEX\Documents\Visual Studio 2013\Projects\ModulousLib\ModulousLibDocs\Help\Working\Output\Website\styles\branding-tr-TR.css
C:\Program Files (x86)\EWSoftware\Sandcastle Help File Builder\PresentationStyles\VS2013\styles\branding-Website.css -&gt; C:\Users\ALEX\Documents\Visual Studio 2013\Projects\ModulousLib\ModulousLibDocs\Help\Working\Output\Website\styles\branding-Website.css
C:\Program Files (x86)\EWSoftware\Sandcastle Help File Builder\PresentationStyles\VS2013\styles\branding-zh-CN.css -&gt; C:\Users\ALEX\Documents\Visual Studio 2013\Projects\ModulousLib\ModulousLibDocs\Help\Working\Output\Website\styles\branding-zh-CN.css
C:\Program Files (x86)\EWSoftware\Sandcastle Help File Builder\PresentationStyles\VS2013\styles\branding-zh-TW.css -&gt; C:\Users\ALEX\Documents\Visual Studio 2013\Projects\ModulousLib\ModulousLibDocs\Help\Working\Output\Website\styles\branding-zh-TW.css
C:\Program Files (x86)\EWSoftware\Sandcastle Help File Builder\PresentationStyles\VS2013\styles\branding.css -&gt; C:\Users\ALEX\Documents\Visual Studio 2013\Projects\ModulousLib\ModulousLibDocs\Help\Working\Output\Website\styles\branding.css
C:\Program Files (x86)\EWSoftware\Sandcastle Help File Builder\PresentationStyles\VS2013\Web\index.html -&gt; C:\Users\ALEX\Documents\Visual Studio 2013\Projects\ModulousLib\ModulousLibDocs\Help\Working\Output\Website\index.html
C:\Program Files (x86)\EWSoftware\Sandcastle Help File Builder\PresentationStyles\VS2013\Web\search.html -&gt; C:\Users\ALEX\Documents\Visual Studio 2013\Projects\ModulousLib\ModulousLibDocs\Help\Working\Output\Website\search.html
C:\Program Files (x86)\EWSoftware\Sandcastle Help File Builder\PresentationStyles\VS2013\Web\SearchHelp.aspx -&gt; C:\Users\ALEX\Documents\Visual Studio 2013\Projects\ModulousLib\ModulousLibDocs\Help\Working\Output\Website\SearchHelp.aspx
C:\Program Files (x86)\EWSoftware\Sandcastle Help File Builder\PresentationStyles\VS2013\Web\SearchHelp.inc.php -&gt; C:\Users\ALEX\Documents\Visual Studio 2013\Projects\ModulousLib\ModulousLibDocs\Help\Working\Output\Website\SearchHelp.inc.php
C:\Program Files (x86)\EWSoftware\Sandcastle Help File Builder\PresentationStyles\VS2013\Web\SearchHelp.php -&gt; C:\Users\ALEX\Documents\Visual Studio 2013\Projects\ModulousLib\ModulousLibDocs\Help\Working\Output\Website\SearchHelp.php
C:\Program Files (x86)\EWSoftware\Sandcastle Help File Builder\PresentationStyles\VS2013\Web\Web.Config -&gt; C:\Users\ALEX\Documents\Visual Studio 2013\Projects\ModulousLib\ModulousLibDocs\Help\Working\Output\Website\Web.Config
C:\Program Files (x86)\EWSoftware\Sandcastle Help File Builder\PresentationStyles\VS2013\Web\icons\Search.png -&gt; C:\Users\ALEX\Documents\Visual Studio 2013\Projects\ModulousLib\ModulousLibDocs\Help\Working\Output\Website\icons\Search.png
C:\Program Files (x86)\EWSoftware\Sandcastle Help File Builder\PresentationStyles\VS2013\Web\icons\TocClose.gif -&gt; C:\Users\ALEX\Documents\Visual Studio 2013\Projects\ModulousLib\ModulousLibDocs\Help\Working\Output\Website\icons\TocClose.gif
C:\Program Files (x86)\EWSoftware\Sandcastle Help File Builder\PresentationStyles\VS2013\Web\icons\TocCollapsed.gif -&gt; C:\Users\ALEX\Documents\Visual Studio 2013\Projects\ModulousLib\ModulousLibDocs\Help\Working\Output\Website\icons\TocCollapsed.gif
C:\Program Files (x86)\EWSoftware\Sandcastle Help File Builder\PresentationStyles\VS2013\Web\icons\TocExpanded.gif -&gt; C:\Users\ALEX\Documents\Visual Studio 2013\Projects\ModulousLib\ModulousLibDocs\Help\Working\Output\Website\icons\TocExpanded.gif
C:\Program Files (x86)\EWSoftware\Sandcastle Help File Builder\PresentationStyles\VS2013\Web\icons\TocOpen.gif -&gt; C:\Users\ALEX\Documents\Visual Studio 2013\Projects\ModulousLib\ModulousLibDocs\Help\Working\Output\Website\icons\TocOpen.gif
C:\Program Files (x86)\EWSoftware\Sandcastle Help File Builder\PresentationStyles\VS2013\Web\scripts\branding-Website.js -&gt; C:\Users\ALEX\Documents\Visual Studio 2013\Projects\ModulousLib\ModulousLibDocs\Help\Working\Output\Website\scripts\branding-Website.js
C:\Program Files (x86)\EWSoftware\Sandcastle Help File Builder\PresentationStyles\VS2013\Web\scripts\jquery-1.11.0.min.js -&gt; C:\Users\ALEX\Documents\Visual Studio 2013\Projects\ModulousLib\ModulousLibDocs\Help\Working\Output\Website\scripts\jquery-1.11.0.min.js
    Last step completed in 00:00:01.1336
</buildStep>
<buildStep step="GenerateHelpFormatTableOfContents">
Generating HTML Help 1 table of contents file...
    Last step completed in 00:00:00.0015
</buildStep>
<buildStep step="GenerateHelpFileIndex">
Generating HTML Help 1 index file...
    Last step completed in 00:00:00.0030
</buildStep>
<buildStep step="GenerateHelpProject">
Generating HTML Help 1 project file...
    Last step completed in 00:00:00.0061
</buildStep>
<buildStep step="CompilingHelpFile">
Compiling HTML Help 1 file...
[C:\Windows\Microsoft.NET\Framework64\v4.0.30319\MSBuild.exe]
  Microsoft HTML Help Compiler 4.74.8702
  
  
  
  Compiling c:\Users\ALEX\Documents\Visual Studio 2013\Projects\ModulousLib\ModulousLibDocs\Help\Working\Output\HtmlHelp1\ModulousLibDocs.chm
  
  
  
  
  
  Compile time: 0 minutes, 1 second
  
  128	Topics
  
  1,231	Local links
  
  446	Internet links
  
  0	Graphics
  
  
  
  
  
  Created c:\Users\ALEX\Documents\Visual Studio 2013\Projects\ModulousLib\ModulousLibDocs\Help\Working\Output\HtmlHelp1\ModulousLibDocs.chm, 178,640 bytes
  
  Compression decreased file by 862,563 bytes.
  
    Last step completed in 00:00:02.0266
</buildStep>
<buildStep step="GenerateHelpFormatTableOfContents">
Generating website table of contents file...
    Last step completed in 00:00:00.0010
</buildStep>
<buildStep step="GenerateFullTextIndex">
Generating full-text index for the website...

<plugIn name="Lightweight Website Style" behavior="After" priority="1000">
Adding lightweight search and TOC elements to each topic...
</plugIn>    Last step completed in 00:00:01.1508
</buildStep>
<buildStep step="CopyingWebsiteFiles">
Copying website files to output folder...

Copied 271 files for the website content
    Last step completed in 00:00:00.3175
</buildStep>
<buildStep step="CleanIntermediates">
Removing intermediate files...
    Last step completed in 00:00:00.1609
</buildStep>
<buildStep step="Completed">

Build completed successfully at 6/25/2015 3:47:11 AM.  Total time: 00:00:30.4749

</buildStep>
</shfbBuild>
